<?xml version="1.0" encoding="UTF-8"?>
<!-- Generated by org.testng.reporters.JUnitXMLReporter -->
<testsuite hostname="DESKTOP-K6JHOP8" ignored="0" name="Test" tests="6" failures="0" timestamp="2020-04-23T13:47:20 EDT" time="0.086" errors="0">
  <testcase name="IOSApp" time="0.014" classname="zoha.AppiumTest"/>
  <testcase name="androisApp" time="0.002" classname="zoha.AppiumTest"/>
  <testcase name="browserAutomation" time="0.001" classname="zoha.SeleniumTest"/>
  <testcase name="elementsUi" time="0.001" classname="zoha.SeleniumTest"/>
  <testcase name="deleteTwitter" time="0.001" classname="zoha.RestApiTest"/>
  <testcase name="postJira" time="0.002" classname="zoha.RestApiTest"/>
</testsuite> <!-- Test -->
