<?xml version="1.0" encoding="UTF-8"?>
<!-- Generated by org.testng.reporters.JUnitXMLReporter -->
<testsuite hostname="DESKTOP-K6JHOP8" ignored="0" name="Command line test" tests="6" failures="0" timestamp="23 Apr 2020 00:53:30 GMT" time="0.044" errors="0">
  <testcase name="IOSApp" time="0.007" classname="zoha.AppiumTest"/>
  <testcase name="androisApp" time="0.001" classname="zoha.AppiumTest"/>
  <testcase name="deleteTwitter" time="0.0" classname="zoha.RestApiTest"/>
  <testcase name="postJira" time="0.001" classname="zoha.RestApiTest"/>
  <testcase name="browserAutomation" time="0.001" classname="zoha.SeleniumTest"/>
  <testcase name="elementsUi" time="0.0" classname="zoha.SeleniumTest"/>
</testsuite> <!-- Command line test -->
