<?xml version="1.0" encoding="UTF-8"?>
<!-- Generated by org.testng.reporters.JUnitXMLReporter -->
<testsuite hostname="DESKTOP-K6JHOP8" ignored="0" name="Test" tests="4" failures="0" timestamp="23 Apr 2020 00:54:32 GMT" time="0.035" errors="0">
  <testcase name="browserAutomation" time="0.006" classname="zoha.SeleniumTest"/>
  <testcase name="elementsUi" time="0.001" classname="zoha.SeleniumTest"/>
  <testcase name="deleteTwitter" time="0.0" classname="zoha.RestApiTest"/>
  <testcase name="postJira" time="0.0" classname="zoha.RestApiTest"/>
</testsuite> <!-- Test -->
