<?xml version="1.0" encoding="UTF-8"?>
<testng-results skipped="0" failed="0" ignored="0" total="4" passed="4">
  <reporter-output>
  </reporter-output>
  <suite name="Suite" duration-ms="35" started-at="2020-04-23T00:54:32Z" finished-at="2020-04-23T00:54:32Z">
    <groups>
    </groups>
    <test name="Test" duration-ms="35" started-at="2020-04-23T00:54:32Z" finished-at="2020-04-23T00:54:32Z">
      <class name="zoha.SeleniumTest">
        <test-method status="PASS" signature="browserAutomation()[pri:0, instance:zoha.SeleniumTest@770c2e6b]" name="browserAutomation" duration-ms="6" started-at="2020-04-23T00:54:32Z" finished-at="2020-04-23T00:54:32Z">
          <reporter-output>
          </reporter-output>
        </test-method> <!-- browserAutomation -->
        <test-method status="PASS" signature="elementsUi()[pri:0, instance:zoha.SeleniumTest@770c2e6b]" name="elementsUi" duration-ms="1" started-at="2020-04-23T00:54:32Z" finished-at="2020-04-23T00:54:32Z">
          <reporter-output>
          </reporter-output>
        </test-method> <!-- elementsUi -->
      </class> <!-- zoha.SeleniumTest -->
      <class name="zoha.RestApiTest">
        <test-method status="PASS" signature="deleteTwitter()[pri:0, instance:zoha.RestApiTest@1a052a00]" name="deleteTwitter" duration-ms="0" started-at="2020-04-23T00:54:32Z" finished-at="2020-04-23T00:54:32Z">
          <reporter-output>
          </reporter-output>
        </test-method> <!-- deleteTwitter -->
        <test-method status="PASS" signature="postJira()[pri:0, instance:zoha.RestApiTest@1a052a00]" name="postJira" duration-ms="0" started-at="2020-04-23T00:54:32Z" finished-at="2020-04-23T00:54:32Z">
          <reporter-output>
          </reporter-output>
        </test-method> <!-- postJira -->
      </class> <!-- zoha.RestApiTest -->
    </test> <!-- Test -->
  </suite> <!-- Suite -->
</testng-results>
