<?xml version="1.0" encoding="UTF-8"?>
<testng-results skipped="0" failed="0" ignored="0" total="6" passed="6">
  <reporter-output>
  </reporter-output>
  <suite name="Suite" duration-ms="86" started-at="2020-04-23T13:47:20 EDT" finished-at="2020-04-23T13:47:20 EDT">
    <groups>
    </groups>
    <test name="Test" duration-ms="86" started-at="2020-04-23T13:47:20 EDT" finished-at="2020-04-23T13:47:20 EDT">
      <class name="zoha.AppiumTest">
        <test-method status="PASS" signature="IOSApp()[pri:0, instance:zoha.AppiumTest@51cdd8a]" name="IOSApp" duration-ms="14" started-at="2020-04-23T13:47:20 EDT" finished-at="2020-04-23T13:47:20 EDT">
          <reporter-output>
          </reporter-output>
        </test-method> <!-- IOSApp -->
        <test-method status="PASS" signature="androisApp()[pri:0, instance:zoha.AppiumTest@51cdd8a]" name="androisApp" duration-ms="2" started-at="2020-04-23T13:47:20 EDT" finished-at="2020-04-23T13:47:20 EDT">
          <reporter-output>
          </reporter-output>
        </test-method> <!-- androisApp -->
      </class> <!-- zoha.AppiumTest -->
      <class name="zoha.SeleniumTest">
        <test-method status="PASS" signature="browserAutomation()[pri:0, instance:zoha.SeleniumTest@d44fc21]" name="browserAutomation" duration-ms="1" started-at="2020-04-23T13:47:20 EDT" finished-at="2020-04-23T13:47:20 EDT">
          <reporter-output>
          </reporter-output>
        </test-method> <!-- browserAutomation -->
        <test-method status="PASS" signature="elementsUi()[pri:0, instance:zoha.SeleniumTest@d44fc21]" name="elementsUi" duration-ms="1" started-at="2020-04-23T13:47:20 EDT" finished-at="2020-04-23T13:47:20 EDT">
          <reporter-output>
          </reporter-output>
        </test-method> <!-- elementsUi -->
      </class> <!-- zoha.SeleniumTest -->
      <class name="zoha.RestApiTest">
        <test-method status="PASS" signature="deleteTwitter()[pri:0, instance:zoha.RestApiTest@23faf8f2]" name="deleteTwitter" duration-ms="1" started-at="2020-04-23T13:47:20 EDT" finished-at="2020-04-23T13:47:20 EDT">
          <reporter-output>
          </reporter-output>
        </test-method> <!-- deleteTwitter -->
        <test-method status="PASS" signature="postJira()[pri:0, instance:zoha.RestApiTest@23faf8f2]" name="postJira" duration-ms="2" started-at="2020-04-23T13:47:20 EDT" finished-at="2020-04-23T13:47:20 EDT">
          <reporter-output>
          </reporter-output>
        </test-method> <!-- postJira -->
      </class> <!-- zoha.RestApiTest -->
    </test> <!-- Test -->
  </suite> <!-- Suite -->
</testng-results>
